mkdir: cannot create directory ‘/usr/local/kafka/bin/../logs’: Permission denied
Java HotSpot(TM) 64-Bit Server VM warning: Cannot open file /usr/local/kafka/bin/../logs/kafkaServer-gc.log due to No such file or directory

log4j:ERROR setFile(null,true) call failed.
java.io.FileNotFoundException: /usr/local/kafka/bin/../logs/server.log (No such file or directory)
	at java.io.FileOutputStream.open0(Native Method)
	at java.io.FileOutputStream.open(FileOutputStream.java:270)
	at java.io.FileOutputStream.<init>(FileOutputStream.java:213)
	at java.io.FileOutputStream.<init>(FileOutputStream.java:133)
	at org.apache.log4j.FileAppender.setFile(FileAppender.java:294)
	at org.apache.log4j.FileAppender.activateOptions(FileAppender.java:165)
	at org.apache.log4j.DailyRollingFileAppender.activateOptions(DailyRollingFileAppender.java:223)
	at org.apache.log4j.config.PropertySetter.activate(PropertySetter.java:307)
	at org.apache.log4j.config.PropertySetter.setProperties(PropertySetter.java:172)
	at org.apache.log4j.config.PropertySetter.setProperties(PropertySetter.java:104)
	at org.apache.log4j.PropertyConfigurator.parseAppender(PropertyConfigurator.java:842)
	at org.apache.log4j.PropertyConfigurator.parseCategory(PropertyConfigurator.java:768)
	at org.apache.log4j.PropertyConfigurator.configureRootCategory(PropertyConfigurator.java:648)
	at org.apache.log4j.PropertyConfigurator.doConfigure(PropertyConfigurator.java:514)
	at org.apache.log4j.PropertyConfigurator.doConfigure(PropertyConfigurator.java:580)
	at org.apache.log4j.helpers.OptionConverter.selectAndConfigure(OptionConverter.java:526)
	at org.apache.log4j.LogManager.<clinit>(LogManager.java:127)
	at org.slf4j.impl.Log4jLoggerFactory.<init>(Log4jLoggerFactory.java:66)
	at org.slf4j.impl.StaticLoggerBinder.<init>(StaticLoggerBinder.java:72)
	at org.slf4j.impl.StaticLoggerBinder.<clinit>(StaticLoggerBinder.java:45)
	at org.slf4j.LoggerFactory.bind(LoggerFactory.java:150)
	at org.slf4j.LoggerFactory.performInitialization(LoggerFactory.java:124)
	at org.slf4j.LoggerFactory.getILoggerFactory(LoggerFactory.java:412)
	at org.slf4j.LoggerFactory.getLogger(LoggerFactory.java:357)
	at org.slf4j.LoggerFactory.getLogger(LoggerFactory.java:383)
	at org.apache.kafka.common.utils.Utils.<clinit>(Utils.java:75)
	at kafka.Kafka$.getPropsFromArgs(Kafka.scala:44)
	at kafka.Kafka$.main(Kafka.scala:81)
	at kafka.Kafka.main(Kafka.scala)
log4j:ERROR Either File or DatePattern options are not set for appender [kafkaAppender].
log4j:ERROR setFile(null,true) call failed.
java.io.FileNotFoundException: /usr/local/kafka/bin/../logs/kafka-request.log (No such file or directory)
	at java.io.FileOutputStream.open0(Native Method)
	at java.io.FileOutputStream.open(FileOutputStream.java:270)
	at java.io.FileOutputStream.<init>(FileOutputStream.java:213)
	at java.io.FileOutputStream.<init>(FileOutputStream.java:133)
	at org.apache.log4j.FileAppender.setFile(FileAppender.java:294)
	at org.apache.log4j.FileAppender.activateOptions(FileAppender.java:165)
	at org.apache.log4j.DailyRollingFileAppender.activateOptions(DailyRollingFileAppender.java:223)
	at org.apache.log4j.config.PropertySetter.activate(PropertySetter.java:307)
	at org.apache.log4j.config.PropertySetter.setProperties(PropertySetter.java:172)
	at org.apache.log4j.config.PropertySetter.setProperties(PropertySetter.java:104)
	at org.apache.log4j.PropertyConfigurator.parseAppender(PropertyConfigurator.java:842)
	at org.apache.log4j.PropertyConfigurator.parseCategory(PropertyConfigurator.java:768)
	at org.apache.log4j.PropertyConfigurator.parseCatsAndRenderers(PropertyConfigurator.java:672)
	at org.apache.log4j.PropertyConfigurator.doConfigure(PropertyConfigurator.java:516)
	at org.apache.log4j.PropertyConfigurator.doConfigure(PropertyConfigurator.java:580)
	at org.apache.log4j.helpers.OptionConverter.selectAndConfigure(OptionConverter.java:526)
	at org.apache.log4j.LogManager.<clinit>(LogManager.java:127)
	at org.slf4j.impl.Log4jLoggerFactory.<init>(Log4jLoggerFactory.java:66)
	at org.slf4j.impl.StaticLoggerBinder.<init>(StaticLoggerBinder.java:72)
	at org.slf4j.impl.StaticLoggerBinder.<clinit>(StaticLoggerBinder.java:45)
	at org.slf4j.LoggerFactory.bind(LoggerFactory.java:150)
	at org.slf4j.LoggerFactory.performInitialization(LoggerFactory.java:124)
	at org.slf4j.LoggerFactory.getILoggerFactory(LoggerFactory.java:412)
	at org.slf4j.LoggerFactory.getLogger(LoggerFactory.java:357)
	at org.slf4j.LoggerFactory.getLogger(LoggerFactory.java:383)
	at org.apache.kafka.common.utils.Utils.<clinit>(Utils.java:75)
	at kafka.Kafka$.getPropsFromArgs(Kafka.scala:44)
	at kafka.Kafka$.main(Kafka.scala:81)
	at kafka.Kafka.main(Kafka.scala)
log4j:ERROR Either File or DatePattern options are not set for appender [requestAppender].
log4j:ERROR setFile(null,true) call failed.
java.io.FileNotFoundException: /usr/local/kafka/bin/../logs/kafka-authorizer.log (No such file or directory)
	at java.io.FileOutputStream.open0(Native Method)
	at java.io.FileOutputStream.open(FileOutputStream.java:270)
	at java.io.FileOutputStream.<init>(FileOutputStream.java:213)
	at java.io.FileOutputStream.<init>(FileOutputStream.java:133)
	at org.apache.log4j.FileAppender.setFile(FileAppender.java:294)
	at org.apache.log4j.FileAppender.activateOptions(FileAppender.java:165)
	at org.apache.log4j.DailyRollingFileAppender.activateOptions(DailyRollingFileAppender.java:223)
	at org.apache.log4j.config.PropertySetter.activate(PropertySetter.java:307)
	at org.apache.log4j.config.PropertySetter.setProperties(PropertySetter.java:172)
	at org.apache.log4j.config.PropertySetter.setProperties(PropertySetter.java:104)
	at org.apache.log4j.PropertyConfigurator.parseAppender(PropertyConfigurator.java:842)
	at org.apache.log4j.PropertyConfigurator.parseCategory(PropertyConfigurator.java:768)
	at org.apache.log4j.PropertyConfigurator.parseCatsAndRenderers(PropertyConfigurator.java:672)
	at org.apache.log4j.PropertyConfigurator.doConfigure(PropertyConfigurator.java:516)
	at org.apache.log4j.PropertyConfigurator.doConfigure(PropertyConfigurator.java:580)
	at org.apache.log4j.helpers.OptionConverter.selectAndConfigure(OptionConverter.java:526)
	at org.apache.log4j.LogManager.<clinit>(LogManager.java:127)
	at org.slf4j.impl.Log4jLoggerFactory.<init>(Log4jLoggerFactory.java:66)
	at org.slf4j.impl.StaticLoggerBinder.<init>(StaticLoggerBinder.java:72)
	at org.slf4j.impl.StaticLoggerBinder.<clinit>(StaticLoggerBinder.java:45)
	at org.slf4j.LoggerFactory.bind(LoggerFactory.java:150)
	at org.slf4j.LoggerFactory.performInitialization(LoggerFactory.java:124)
	at org.slf4j.LoggerFactory.getILoggerFactory(LoggerFactory.java:412)
	at org.slf4j.LoggerFactory.getLogger(LoggerFactory.java:357)
	at org.slf4j.LoggerFactory.getLogger(LoggerFactory.java:383)
	at org.apache.kafka.common.utils.Utils.<clinit>(Utils.java:75)
	at kafka.Kafka$.getPropsFromArgs(Kafka.scala:44)
	at kafka.Kafka$.main(Kafka.scala:81)
	at kafka.Kafka.main(Kafka.scala)
log4j:ERROR Either File or DatePattern options are not set for appender [authorizerAppender].
log4j:ERROR setFile(null,true) call failed.
java.io.FileNotFoundException: /usr/local/kafka/bin/../logs/controller.log (No such file or directory)
	at java.io.FileOutputStream.open0(Native Method)
	at java.io.FileOutputStream.open(FileOutputStream.java:270)
	at java.io.FileOutputStream.<init>(FileOutputStream.java:213)
	at java.io.FileOutputStream.<init>(FileOutputStream.java:133)
	at org.apache.log4j.FileAppender.setFile(FileAppender.java:294)
	at org.apache.log4j.FileAppender.activateOptions(FileAppender.java:165)
	at org.apache.log4j.DailyRollingFileAppender.activateOptions(DailyRollingFileAppender.java:223)
	at org.apache.log4j.config.PropertySetter.activate(PropertySetter.java:307)
	at org.apache.log4j.config.PropertySetter.setProperties(PropertySetter.java:172)
	at org.apache.log4j.config.PropertySetter.setProperties(PropertySetter.java:104)
	at org.apache.log4j.PropertyConfigurator.parseAppender(PropertyConfigurator.java:842)
	at org.apache.log4j.PropertyConfigurator.parseCategory(PropertyConfigurator.java:768)
	at org.apache.log4j.PropertyConfigurator.parseCatsAndRenderers(PropertyConfigurator.java:672)
	at org.apache.log4j.PropertyConfigurator.doConfigure(PropertyConfigurator.java:516)
	at org.apache.log4j.PropertyConfigurator.doConfigure(PropertyConfigurator.java:580)
	at org.apache.log4j.helpers.OptionConverter.selectAndConfigure(OptionConverter.java:526)
	at org.apache.log4j.LogManager.<clinit>(LogManager.java:127)
	at org.slf4j.impl.Log4jLoggerFactory.<init>(Log4jLoggerFactory.java:66)
	at org.slf4j.impl.StaticLoggerBinder.<init>(StaticLoggerBinder.java:72)
	at org.slf4j.impl.StaticLoggerBinder.<clinit>(StaticLoggerBinder.java:45)
	at org.slf4j.LoggerFactory.bind(LoggerFactory.java:150)
	at org.slf4j.LoggerFactory.performInitialization(LoggerFactory.java:124)
	at org.slf4j.LoggerFactory.getILoggerFactory(LoggerFactory.java:412)
	at org.slf4j.LoggerFactory.getLogger(LoggerFactory.java:357)
	at org.slf4j.LoggerFactory.getLogger(LoggerFactory.java:383)
	at org.apache.kafka.common.utils.Utils.<clinit>(Utils.java:75)
	at kafka.Kafka$.getPropsFromArgs(Kafka.scala:44)
	at kafka.Kafka$.main(Kafka.scala:81)
	at kafka.Kafka.main(Kafka.scala)
log4j:ERROR Either File or DatePattern options are not set for appender [controllerAppender].
log4j:ERROR setFile(null,true) call failed.
java.io.FileNotFoundException: /usr/local/kafka/bin/../logs/log-cleaner.log (No such file or directory)
	at java.io.FileOutputStream.open0(Native Method)
	at java.io.FileOutputStream.open(FileOutputStream.java:270)
	at java.io.FileOutputStream.<init>(FileOutputStream.java:213)
	at java.io.FileOutputStream.<init>(FileOutputStream.java:133)
	at org.apache.log4j.FileAppender.setFile(FileAppender.java:294)
	at org.apache.log4j.FileAppender.activateOptions(FileAppender.java:165)
	at org.apache.log4j.DailyRollingFileAppender.activateOptions(DailyRollingFileAppender.java:223)
	at org.apache.log4j.config.PropertySetter.activate(PropertySetter.java:307)
	at org.apache.log4j.config.PropertySetter.setProperties(PropertySetter.java:172)
	at org.apache.log4j.config.PropertySetter.setProperties(PropertySetter.java:104)
	at org.apache.log4j.PropertyConfigurator.parseAppender(PropertyConfigurator.java:842)
	at org.apache.log4j.PropertyConfigurator.parseCategory(PropertyConfigurator.java:768)
	at org.apache.log4j.PropertyConfigurator.parseCatsAndRenderers(PropertyConfigurator.java:672)
	at org.apache.log4j.PropertyConfigurator.doConfigure(PropertyConfigurator.java:516)
	at org.apache.log4j.PropertyConfigurator.doConfigure(PropertyConfigurator.java:580)
	at org.apache.log4j.helpers.OptionConverter.selectAndConfigure(OptionConverter.java:526)
	at org.apache.log4j.LogManager.<clinit>(LogManager.java:127)
	at org.slf4j.impl.Log4jLoggerFactory.<init>(Log4jLoggerFactory.java:66)
	at org.slf4j.impl.StaticLoggerBinder.<init>(StaticLoggerBinder.java:72)
	at org.slf4j.impl.StaticLoggerBinder.<clinit>(StaticLoggerBinder.java:45)
	at org.slf4j.LoggerFactory.bind(LoggerFactory.java:150)
	at org.slf4j.LoggerFactory.performInitialization(LoggerFactory.java:124)
	at org.slf4j.LoggerFactory.getILoggerFactory(LoggerFactory.java:412)
	at org.slf4j.LoggerFactory.getLogger(LoggerFactory.java:357)
	at org.slf4j.LoggerFactory.getLogger(LoggerFactory.java:383)
	at org.apache.kafka.common.utils.Utils.<clinit>(Utils.java:75)
	at kafka.Kafka$.getPropsFromArgs(Kafka.scala:44)
	at kafka.Kafka$.main(Kafka.scala:81)
	at kafka.Kafka.main(Kafka.scala)
log4j:ERROR Either File or DatePattern options are not set for appender [cleanerAppender].
log4j:ERROR setFile(null,true) call failed.
java.io.FileNotFoundException: /usr/local/kafka/bin/../logs/state-change.log (No such file or directory)
	at java.io.FileOutputStream.open0(Native Method)
	at java.io.FileOutputStream.open(FileOutputStream.java:270)
	at java.io.FileOutputStream.<init>(FileOutputStream.java:213)
	at java.io.FileOutputStream.<init>(FileOutputStream.java:133)
	at org.apache.log4j.FileAppender.setFile(FileAppender.java:294)
	at org.apache.log4j.FileAppender.activateOptions(FileAppender.java:165)
	at org.apache.log4j.DailyRollingFileAppender.activateOptions(DailyRollingFileAppender.java:223)
	at org.apache.log4j.config.PropertySetter.activate(PropertySetter.java:307)
	at org.apache.log4j.config.PropertySetter.setProperties(PropertySetter.java:172)
	at org.apache.log4j.config.PropertySetter.setProperties(PropertySetter.java:104)
	at org.apache.log4j.PropertyConfigurator.parseAppender(PropertyConfigurator.java:842)
	at org.apache.log4j.PropertyConfigurator.parseCategory(PropertyConfigurator.java:768)
	at org.apache.log4j.PropertyConfigurator.parseCatsAndRenderers(PropertyConfigurator.java:672)
	at org.apache.log4j.PropertyConfigurator.doConfigure(PropertyConfigurator.java:516)
	at org.apache.log4j.PropertyConfigurator.doConfigure(PropertyConfigurator.java:580)
	at org.apache.log4j.helpers.OptionConverter.selectAndConfigure(OptionConverter.java:526)
	at org.apache.log4j.LogManager.<clinit>(LogManager.java:127)
	at org.slf4j.impl.Log4jLoggerFactory.<init>(Log4jLoggerFactory.java:66)
	at org.slf4j.impl.StaticLoggerBinder.<init>(StaticLoggerBinder.java:72)
	at org.slf4j.impl.StaticLoggerBinder.<clinit>(StaticLoggerBinder.java:45)
	at org.slf4j.LoggerFactory.bind(LoggerFactory.java:150)
	at org.slf4j.LoggerFactory.performInitialization(LoggerFactory.java:124)
	at org.slf4j.LoggerFactory.getILoggerFactory(LoggerFactory.java:412)
	at org.slf4j.LoggerFactory.getLogger(LoggerFactory.java:357)
	at org.slf4j.LoggerFactory.getLogger(LoggerFactory.java:383)
	at org.apache.kafka.common.utils.Utils.<clinit>(Utils.java:75)
	at kafka.Kafka$.getPropsFromArgs(Kafka.scala:44)
	at kafka.Kafka$.main(Kafka.scala:81)
	at kafka.Kafka.main(Kafka.scala)
log4j:ERROR Either File or DatePattern options are not set for appender [stateChangeAppender].
[2018-07-16 09:12:01,603] INFO KafkaConfig values: 
	advertised.host.name = null
	advertised.listeners = null
	advertised.port = null
	alter.config.policy.class.name = null
	authorizer.class.name = 
	auto.create.topics.enable = true
	auto.leader.rebalance.enable = true
	background.threads = 10
	broker.id = 0
	broker.id.generation.enable = true
	broker.rack = null
	compression.type = producer
	connections.max.idle.ms = 600000
	controlled.shutdown.enable = true
	controlled.shutdown.max.retries = 3
	controlled.shutdown.retry.backoff.ms = 5000
	controller.socket.timeout.ms = 30000
	create.topic.policy.class.name = null
	default.replication.factor = 1
	delete.records.purgatory.purge.interval.requests = 1
	delete.topic.enable = true
	fetch.purgatory.purge.interval.requests = 1000
	group.initial.rebalance.delay.ms = 0
	group.max.session.timeout.ms = 300000
	group.min.session.timeout.ms = 6000
	host.name = 
	inter.broker.listener.name = null
	inter.broker.protocol.version = 1.0-IV0
	leader.imbalance.check.interval.seconds = 300
	leader.imbalance.per.broker.percentage = 10
	listener.security.protocol.map = PLAINTEXT:PLAINTEXT,SSL:SSL,SASL_PLAINTEXT:SASL_PLAINTEXT,SASL_SSL:SASL_SSL
	listeners = null
	log.cleaner.backoff.ms = 15000
	log.cleaner.dedupe.buffer.size = 134217728
	log.cleaner.delete.retention.ms = 86400000
	log.cleaner.enable = true
	log.cleaner.io.buffer.load.factor = 0.9
	log.cleaner.io.buffer.size = 524288
	log.cleaner.io.max.bytes.per.second = 1.7976931348623157E308
	log.cleaner.min.cleanable.ratio = 0.5
	log.cleaner.min.compaction.lag.ms = 0
	log.cleaner.threads = 1
	log.cleanup.policy = [delete]
	log.dir = /tmp/kafka-logs
	log.dirs = /tmp/kafka-logs
	log.flush.interval.messages = 9223372036854775807
	log.flush.interval.ms = null
	log.flush.offset.checkpoint.interval.ms = 60000
	log.flush.scheduler.interval.ms = 9223372036854775807
	log.flush.start.offset.checkpoint.interval.ms = 60000
	log.index.interval.bytes = 4096
	log.index.size.max.bytes = 10485760
	log.message.format.version = 1.0-IV0
	log.message.timestamp.difference.max.ms = 9223372036854775807
	log.message.timestamp.type = CreateTime
	log.preallocate = false
	log.retention.bytes = -1
	log.retention.check.interval.ms = 300000
	log.retention.hours = 168
	log.retention.minutes = null
	log.retention.ms = null
	log.roll.hours = 168
	log.roll.jitter.hours = 0
	log.roll.jitter.ms = null
	log.roll.ms = null
	log.segment.bytes = 1073741824
	log.segment.delete.delay.ms = 60000
	max.connections.per.ip = 2147483647
	max.connections.per.ip.overrides = 
	message.max.bytes = 1000012
	metric.reporters = []
	metrics.num.samples = 2
	metrics.recording.level = INFO
	metrics.sample.window.ms = 30000
	min.insync.replicas = 1
	num.io.threads = 8
	num.network.threads = 3
	num.partitions = 1
	num.recovery.threads.per.data.dir = 1
	num.replica.fetchers = 1
	offset.metadata.max.bytes = 4096
	offsets.commit.required.acks = -1
	offsets.commit.timeout.ms = 5000
	offsets.load.buffer.size = 5242880
	offsets.retention.check.interval.ms = 600000
	offsets.retention.minutes = 1440
	offsets.topic.compression.codec = 0
	offsets.topic.num.partitions = 50
	offsets.topic.replication.factor = 1
	offsets.topic.segment.bytes = 104857600
	port = 9092
	principal.builder.class = null
	producer.purgatory.purge.interval.requests = 1000
	queued.max.request.bytes = -1
	queued.max.requests = 500
	quota.consumer.default = 9223372036854775807
	quota.producer.default = 9223372036854775807
	quota.window.num = 11
	quota.window.size.seconds = 1
	replica.fetch.backoff.ms = 1000
	replica.fetch.max.bytes = 1048576
	replica.fetch.min.bytes = 1
	replica.fetch.response.max.bytes = 10485760
	replica.fetch.wait.max.ms = 500
	replica.high.watermark.checkpoint.interval.ms = 5000
	replica.lag.time.max.ms = 10000
	replica.socket.receive.buffer.bytes = 65536
	replica.socket.timeout.ms = 30000
	replication.quota.window.num = 11
	replication.quota.window.size.seconds = 1
	request.timeout.ms = 30000
	reserved.broker.max.id = 1000
	sasl.enabled.mechanisms = [GSSAPI]
	sasl.kerberos.kinit.cmd = /usr/bin/kinit
	sasl.kerberos.min.time.before.relogin = 60000
	sasl.kerberos.principal.to.local.rules = [DEFAULT]
	sasl.kerberos.service.name = null
	sasl.kerberos.ticket.renew.jitter = 0.05
	sasl.kerberos.ticket.renew.window.factor = 0.8
	sasl.mechanism.inter.broker.protocol = GSSAPI
	security.inter.broker.protocol = PLAINTEXT
	socket.receive.buffer.bytes = 102400
	socket.request.max.bytes = 104857600
	socket.send.buffer.bytes = 102400
	ssl.cipher.suites = null
	ssl.client.auth = none
	ssl.enabled.protocols = [TLSv1.2, TLSv1.1, TLSv1]
	ssl.endpoint.identification.algorithm = null
	ssl.key.password = null
	ssl.keymanager.algorithm = SunX509
	ssl.keystore.location = null
	ssl.keystore.password = null
	ssl.keystore.type = JKS
	ssl.protocol = TLS
	ssl.provider = null
	ssl.secure.random.implementation = null
	ssl.trustmanager.algorithm = PKIX
	ssl.truststore.location = null
	ssl.truststore.password = null
	ssl.truststore.type = JKS
	transaction.abort.timed.out.transaction.cleanup.interval.ms = 60000
	transaction.max.timeout.ms = 900000
	transaction.remove.expired.transaction.cleanup.interval.ms = 3600000
	transaction.state.log.load.buffer.size = 5242880
	transaction.state.log.min.isr = 1
	transaction.state.log.num.partitions = 50
	transaction.state.log.replication.factor = 1
	transaction.state.log.segment.bytes = 104857600
	transactional.id.expiration.ms = 604800000
	unclean.leader.election.enable = false
	zookeeper.connect = localhost:2181
	zookeeper.connection.timeout.ms = 6000
	zookeeper.session.timeout.ms = 6000
	zookeeper.set.acl = false
	zookeeper.sync.time.ms = 2000
 (kafka.server.KafkaConfig)
[2018-07-16 09:12:01,761] INFO starting (kafka.server.KafkaServer)
[2018-07-16 09:12:01,766] INFO Connecting to zookeeper on localhost:2181 (kafka.server.KafkaServer)
[2018-07-16 09:12:01,798] INFO Starting ZkClient event thread. (org.I0Itec.zkclient.ZkEventThread)
[2018-07-16 09:12:01,813] INFO Client environment:zookeeper.version=3.4.10-39d3a4f269333c922ed3db283be479f9deacaa0f, built on 03/23/2017 10:13 GMT (org.apache.zookeeper.ZooKeeper)
[2018-07-16 09:12:01,813] INFO Client environment:host.name=node (org.apache.zookeeper.ZooKeeper)
[2018-07-16 09:12:01,813] INFO Client environment:java.version=1.8.0_171 (org.apache.zookeeper.ZooKeeper)
[2018-07-16 09:12:01,813] INFO Client environment:java.vendor=Oracle Corporation (org.apache.zookeeper.ZooKeeper)
[2018-07-16 09:12:01,813] INFO Client environment:java.home=/usr/local/jdk1.8.0_171/jre (org.apache.zookeeper.ZooKeeper)
[2018-07-16 09:12:01,814] INFO Client environment:java.class.path=:/usr/local/kafka/bin/../libs/aopalliance-repackaged-2.5.0-b32.jar:/usr/local/kafka/bin/../libs/argparse4j-0.7.0.jar:/usr/local/kafka/bin/../libs/commons-lang3-3.5.jar:/usr/local/kafka/bin/../libs/connect-api-1.0.1.jar:/usr/local/kafka/bin/../libs/connect-file-1.0.1.jar:/usr/local/kafka/bin/../libs/connect-json-1.0.1.jar:/usr/local/kafka/bin/../libs/connect-runtime-1.0.1.jar:/usr/local/kafka/bin/../libs/connect-transforms-1.0.1.jar:/usr/local/kafka/bin/../libs/guava-20.0.jar:/usr/local/kafka/bin/../libs/hk2-api-2.5.0-b32.jar:/usr/local/kafka/bin/../libs/hk2-locator-2.5.0-b32.jar:/usr/local/kafka/bin/../libs/hk2-utils-2.5.0-b32.jar:/usr/local/kafka/bin/../libs/jackson-annotations-2.9.1.jar:/usr/local/kafka/bin/../libs/jackson-core-2.9.1.jar:/usr/local/kafka/bin/../libs/jackson-databind-2.9.1.jar:/usr/local/kafka/bin/../libs/jackson-jaxrs-base-2.9.1.jar:/usr/local/kafka/bin/../libs/jackson-jaxrs-json-provider-2.9.1.jar:/usr/local/kafka/bin/../libs/jackson-module-jaxb-annotations-2.9.1.jar:/usr/local/kafka/bin/../libs/javassist-3.20.0-GA.jar:/usr/local/kafka/bin/../libs/javassist-3.21.0-GA.jar:/usr/local/kafka/bin/../libs/javax.annotation-api-1.2.jar:/usr/local/kafka/bin/../libs/javax.inject-1.jar:/usr/local/kafka/bin/../libs/javax.inject-2.5.0-b32.jar:/usr/local/kafka/bin/../libs/javax.servlet-api-3.1.0.jar:/usr/local/kafka/bin/../libs/javax.ws.rs-api-2.0.1.jar:/usr/local/kafka/bin/../libs/jersey-client-2.25.1.jar:/usr/local/kafka/bin/../libs/jersey-common-2.25.1.jar:/usr/local/kafka/bin/../libs/jersey-container-servlet-2.25.1.jar:/usr/local/kafka/bin/../libs/jersey-container-servlet-core-2.25.1.jar:/usr/local/kafka/bin/../libs/jersey-guava-2.25.1.jar:/usr/local/kafka/bin/../libs/jersey-media-jaxb-2.25.1.jar:/usr/local/kafka/bin/../libs/jersey-server-2.25.1.jar:/usr/local/kafka/bin/../libs/jetty-continuation-9.2.22.v20170606.jar:/usr/local/kafka/bin/../libs/jetty-http-9.2.22.v20170606.jar:/usr/local/kafka/bin/../libs/jetty-io-9.2.22.v20170606.jar:/usr/local/kafka/bin/../libs/jetty-security-9.2.22.v20170606.jar:/usr/local/kafka/bin/../libs/jetty-server-9.2.22.v20170606.jar:/usr/local/kafka/bin/../libs/jetty-servlet-9.2.22.v20170606.jar:/usr/local/kafka/bin/../libs/jetty-servlets-9.2.22.v20170606.jar:/usr/local/kafka/bin/../libs/jetty-util-9.2.22.v20170606.jar:/usr/local/kafka/bin/../libs/jopt-simple-5.0.4.jar:/usr/local/kafka/bin/../libs/kafka_2.11-1.0.1.jar:/usr/local/kafka/bin/../libs/kafka_2.11-1.0.1-sources.jar:/usr/local/kafka/bin/../libs/kafka_2.11-1.0.1-test-sources.jar:/usr/local/kafka/bin/../libs/kafka-clients-1.0.1.jar:/usr/local/kafka/bin/../libs/kafka-log4j-appender-1.0.1.jar:/usr/local/kafka/bin/../libs/kafka-streams-1.0.1.jar:/usr/local/kafka/bin/../libs/kafka-streams-examples-1.0.1.jar:/usr/local/kafka/bin/../libs/kafka-tools-1.0.1.jar:/usr/local/kafka/bin/../libs/log4j-1.2.17.jar:/usr/local/kafka/bin/../libs/lz4-java-1.4.jar:/usr/local/kafka/bin/../libs/maven-artifact-3.5.0.jar:/usr/local/kafka/bin/../libs/metrics-core-2.2.0.jar:/usr/local/kafka/bin/../libs/osgi-resource-locator-1.0.1.jar:/usr/local/kafka/bin/../libs/plexus-utils-3.0.24.jar:/usr/local/kafka/bin/../libs/reflections-0.9.11.jar:/usr/local/kafka/bin/../libs/rocksdbjni-5.7.3.jar:/usr/local/kafka/bin/../libs/scala-library-2.11.12.jar:/usr/local/kafka/bin/../libs/slf4j-api-1.7.25.jar:/usr/local/kafka/bin/../libs/slf4j-log4j12-1.7.25.jar:/usr/local/kafka/bin/../libs/snappy-java-1.1.4.jar:/usr/local/kafka/bin/../libs/validation-api-1.1.0.Final.jar:/usr/local/kafka/bin/../libs/zkclient-0.10.jar:/usr/local/kafka/bin/../libs/zookeeper-3.4.10.jar (org.apache.zookeeper.ZooKeeper)
[2018-07-16 09:12:01,814] INFO Client environment:java.library.path=/usr/java/packages/lib/amd64:/usr/lib64:/lib64:/lib:/usr/lib (org.apache.zookeeper.ZooKeeper)
[2018-07-16 09:12:01,814] INFO Client environment:java.io.tmpdir=/tmp (org.apache.zookeeper.ZooKeeper)
[2018-07-16 09:12:01,814] INFO Client environment:java.compiler=<NA> (org.apache.zookeeper.ZooKeeper)
[2018-07-16 09:12:01,814] INFO Client environment:os.name=Linux (org.apache.zookeeper.ZooKeeper)
[2018-07-16 09:12:01,814] INFO Client environment:os.arch=amd64 (org.apache.zookeeper.ZooKeeper)
[2018-07-16 09:12:01,814] INFO Client environment:os.version=4.4.0-87-generic (org.apache.zookeeper.ZooKeeper)
[2018-07-16 09:12:01,814] INFO Client environment:user.name=vagrant (org.apache.zookeeper.ZooKeeper)
[2018-07-16 09:12:01,814] INFO Client environment:user.home=/home/vagrant (org.apache.zookeeper.ZooKeeper)
[2018-07-16 09:12:01,814] INFO Client environment:user.dir=/home/bigData/projects/script_broker (org.apache.zookeeper.ZooKeeper)
[2018-07-16 09:12:01,815] INFO Initiating client connection, connectString=localhost:2181 sessionTimeout=6000 watcher=org.I0Itec.zkclient.ZkClient@12468a38 (org.apache.zookeeper.ZooKeeper)
[2018-07-16 09:12:01,844] INFO Waiting for keeper state SyncConnected (org.I0Itec.zkclient.ZkClient)
[2018-07-16 09:12:01,847] INFO Opening socket connection to server localhost/127.0.0.1:2181. Will not attempt to authenticate using SASL (unknown error) (org.apache.zookeeper.ClientCnxn)
[2018-07-16 09:12:01,857] WARN Session 0x0 for server null, unexpected error, closing socket connection and attempting reconnect (org.apache.zookeeper.ClientCnxn)
java.net.ConnectException: Connection refused
	at sun.nio.ch.SocketChannelImpl.checkConnect(Native Method)
	at sun.nio.ch.SocketChannelImpl.finishConnect(SocketChannelImpl.java:717)
	at org.apache.zookeeper.ClientCnxnSocketNIO.doTransport(ClientCnxnSocketNIO.java:361)
	at org.apache.zookeeper.ClientCnxn$SendThread.run(ClientCnxn.java:1141)
[2018-07-16 09:12:01,964] INFO Opening socket connection to server localhost/0:0:0:0:0:0:0:1:2181. Will not attempt to authenticate using SASL (unknown error) (org.apache.zookeeper.ClientCnxn)
[2018-07-16 09:12:01,965] WARN Session 0x0 for server null, unexpected error, closing socket connection and attempting reconnect (org.apache.zookeeper.ClientCnxn)
java.net.ConnectException: Connection refused
	at sun.nio.ch.SocketChannelImpl.checkConnect(Native Method)
	at sun.nio.ch.SocketChannelImpl.finishConnect(SocketChannelImpl.java:717)
	at org.apache.zookeeper.ClientCnxnSocketNIO.doTransport(ClientCnxnSocketNIO.java:361)
	at org.apache.zookeeper.ClientCnxn$SendThread.run(ClientCnxn.java:1141)
[2018-07-16 09:12:03,069] INFO Opening socket connection to server localhost/127.0.0.1:2181. Will not attempt to authenticate using SASL (unknown error) (org.apache.zookeeper.ClientCnxn)
[2018-07-16 09:12:03,069] WARN Session 0x0 for server null, unexpected error, closing socket connection and attempting reconnect (org.apache.zookeeper.ClientCnxn)
java.net.ConnectException: Connection refused
	at sun.nio.ch.SocketChannelImpl.checkConnect(Native Method)
	at sun.nio.ch.SocketChannelImpl.finishConnect(SocketChannelImpl.java:717)
	at org.apache.zookeeper.ClientCnxnSocketNIO.doTransport(ClientCnxnSocketNIO.java:361)
	at org.apache.zookeeper.ClientCnxn$SendThread.run(ClientCnxn.java:1141)
[2018-07-16 09:12:03,170] INFO Opening socket connection to server localhost/0:0:0:0:0:0:0:1:2181. Will not attempt to authenticate using SASL (unknown error) (org.apache.zookeeper.ClientCnxn)
[2018-07-16 09:12:03,171] WARN Session 0x0 for server null, unexpected error, closing socket connection and attempting reconnect (org.apache.zookeeper.ClientCnxn)
java.net.ConnectException: Connection refused
	at sun.nio.ch.SocketChannelImpl.checkConnect(Native Method)
	at sun.nio.ch.SocketChannelImpl.finishConnect(SocketChannelImpl.java:717)
	at org.apache.zookeeper.ClientCnxnSocketNIO.doTransport(ClientCnxnSocketNIO.java:361)
	at org.apache.zookeeper.ClientCnxn$SendThread.run(ClientCnxn.java:1141)
[2018-07-16 09:12:04,273] INFO Opening socket connection to server localhost/127.0.0.1:2181. Will not attempt to authenticate using SASL (unknown error) (org.apache.zookeeper.ClientCnxn)
[2018-07-16 09:12:04,274] WARN Session 0x0 for server null, unexpected error, closing socket connection and attempting reconnect (org.apache.zookeeper.ClientCnxn)
java.net.ConnectException: Connection refused
	at sun.nio.ch.SocketChannelImpl.checkConnect(Native Method)
	at sun.nio.ch.SocketChannelImpl.finishConnect(SocketChannelImpl.java:717)
	at org.apache.zookeeper.ClientCnxnSocketNIO.doTransport(ClientCnxnSocketNIO.java:361)
	at org.apache.zookeeper.ClientCnxn$SendThread.run(ClientCnxn.java:1141)
[2018-07-16 09:12:04,375] INFO Opening socket connection to server localhost/0:0:0:0:0:0:0:1:2181. Will not attempt to authenticate using SASL (unknown error) (org.apache.zookeeper.ClientCnxn)
[2018-07-16 09:12:04,376] WARN Session 0x0 for server null, unexpected error, closing socket connection and attempting reconnect (org.apache.zookeeper.ClientCnxn)
java.net.ConnectException: Connection refused
	at sun.nio.ch.SocketChannelImpl.checkConnect(Native Method)
	at sun.nio.ch.SocketChannelImpl.finishConnect(SocketChannelImpl.java:717)
	at org.apache.zookeeper.ClientCnxnSocketNIO.doTransport(ClientCnxnSocketNIO.java:361)
	at org.apache.zookeeper.ClientCnxn$SendThread.run(ClientCnxn.java:1141)
[2018-07-16 09:12:05,478] INFO Opening socket connection to server localhost/127.0.0.1:2181. Will not attempt to authenticate using SASL (unknown error) (org.apache.zookeeper.ClientCnxn)
[2018-07-16 09:12:05,479] WARN Session 0x0 for server null, unexpected error, closing socket connection and attempting reconnect (org.apache.zookeeper.ClientCnxn)
java.net.ConnectException: Connection refused
	at sun.nio.ch.SocketChannelImpl.checkConnect(Native Method)
	at sun.nio.ch.SocketChannelImpl.finishConnect(SocketChannelImpl.java:717)
	at org.apache.zookeeper.ClientCnxnSocketNIO.doTransport(ClientCnxnSocketNIO.java:361)
	at org.apache.zookeeper.ClientCnxn$SendThread.run(ClientCnxn.java:1141)
[2018-07-16 09:12:05,586] INFO Opening socket connection to server localhost/0:0:0:0:0:0:0:1:2181. Will not attempt to authenticate using SASL (unknown error) (org.apache.zookeeper.ClientCnxn)
[2018-07-16 09:12:05,587] WARN Session 0x0 for server null, unexpected error, closing socket connection and attempting reconnect (org.apache.zookeeper.ClientCnxn)
java.net.ConnectException: Connection refused
	at sun.nio.ch.SocketChannelImpl.checkConnect(Native Method)
	at sun.nio.ch.SocketChannelImpl.finishConnect(SocketChannelImpl.java:717)
	at org.apache.zookeeper.ClientCnxnSocketNIO.doTransport(ClientCnxnSocketNIO.java:361)
	at org.apache.zookeeper.ClientCnxn$SendThread.run(ClientCnxn.java:1141)
[2018-07-16 09:12:06,688] INFO Opening socket connection to server localhost/127.0.0.1:2181. Will not attempt to authenticate using SASL (unknown error) (org.apache.zookeeper.ClientCnxn)
[2018-07-16 09:12:06,689] WARN Session 0x0 for server null, unexpected error, closing socket connection and attempting reconnect (org.apache.zookeeper.ClientCnxn)
java.net.ConnectException: Connection refused
	at sun.nio.ch.SocketChannelImpl.checkConnect(Native Method)
	at sun.nio.ch.SocketChannelImpl.finishConnect(SocketChannelImpl.java:717)
	at org.apache.zookeeper.ClientCnxnSocketNIO.doTransport(ClientCnxnSocketNIO.java:361)
	at org.apache.zookeeper.ClientCnxn$SendThread.run(ClientCnxn.java:1141)
[2018-07-16 09:12:06,790] INFO Opening socket connection to server localhost/0:0:0:0:0:0:0:1:2181. Will not attempt to authenticate using SASL (unknown error) (org.apache.zookeeper.ClientCnxn)
[2018-07-16 09:12:06,791] WARN Session 0x0 for server null, unexpected error, closing socket connection and attempting reconnect (org.apache.zookeeper.ClientCnxn)
java.net.ConnectException: Connection refused
	at sun.nio.ch.SocketChannelImpl.checkConnect(Native Method)
	at sun.nio.ch.SocketChannelImpl.finishConnect(SocketChannelImpl.java:717)
	at org.apache.zookeeper.ClientCnxnSocketNIO.doTransport(ClientCnxnSocketNIO.java:361)
	at org.apache.zookeeper.ClientCnxn$SendThread.run(ClientCnxn.java:1141)
[2018-07-16 09:12:07,845] INFO Terminate ZkClient event thread. (org.I0Itec.zkclient.ZkEventThread)
[2018-07-16 09:12:07,892] INFO Opening socket connection to server localhost/127.0.0.1:2181. Will not attempt to authenticate using SASL (unknown error) (org.apache.zookeeper.ClientCnxn)
[2018-07-16 09:12:07,999] INFO Session: 0x0 closed (org.apache.zookeeper.ZooKeeper)
[2018-07-16 09:12:08,002] INFO EventThread shut down for session: 0x0 (org.apache.zookeeper.ClientCnxn)
[2018-07-16 09:12:08,003] FATAL Fatal error during KafkaServer startup. Prepare to shutdown (kafka.server.KafkaServer)
org.I0Itec.zkclient.exception.ZkTimeoutException: Unable to connect to zookeeper server 'localhost:2181' with timeout of 6000 ms
	at org.I0Itec.zkclient.ZkClient.connect(ZkClient.java:1233)
	at org.I0Itec.zkclient.ZkClient.<init>(ZkClient.java:157)
	at org.I0Itec.zkclient.ZkClient.<init>(ZkClient.java:131)
	at kafka.utils.ZkUtils$.createZkClientAndConnection(ZkUtils.scala:115)
	at kafka.utils.ZkUtils$.withMetrics(ZkUtils.scala:92)
	at kafka.server.KafkaServer.initZk(KafkaServer.scala:346)
	at kafka.server.KafkaServer.startup(KafkaServer.scala:194)
	at kafka.server.KafkaServerStartable.startup(KafkaServerStartable.scala:38)
	at kafka.Kafka$.main(Kafka.scala:92)
	at kafka.Kafka.main(Kafka.scala)
[2018-07-16 09:12:08,004] INFO shutting down (kafka.server.KafkaServer)
[2018-07-16 09:12:08,022] INFO shut down completed (kafka.server.KafkaServer)
[2018-07-16 09:12:08,027] FATAL Exiting Kafka. (kafka.server.KafkaServerStartable)
[2018-07-16 09:12:08,032] INFO shutting down (kafka.server.KafkaServer)
